Determining if the pthread_create exist failed with the following output:
Change Dir: /home/adithya/ReinfLearn/gym/gym-gazebo/gym-gazebo/gym_gazebo/envs/installation/catkin_ws/build_isolated/hector_gazebo_plugins/CMakeFiles/CMakeTmp

Run Build Command:"/usr/bin/make" "cmTC_0f5c2/fast"
/usr/bin/make -f CMakeFiles/cmTC_0f5c2.dir/build.make CMakeFiles/cmTC_0f5c2.dir/build
make[1]: Entering directory '/home/adithya/ReinfLearn/gym/gym-gazebo/gym-gazebo/gym_gazebo/envs/installation/catkin_ws/build_isolated/hector_gazebo_plugins/CMakeFiles/CMakeTmp'
Building C object CMakeFiles/cmTC_0f5c2.dir/CheckSymbolExists.c.o
/usr/bin/cc     -o CMakeFiles/cmTC_0f5c2.dir/CheckSymbolExists.c.o   -c /home/adithya/ReinfLearn/gym/gym-gazebo/gym-gazebo/gym_gazebo/envs/installation/catkin_ws/build_isolated/hector_gazebo_plugins/CMakeFiles/CMakeTmp/CheckSymbolExists.c
Linking C executable cmTC_0f5c2
/usr/bin/cmake -E cmake_link_script CMakeFiles/cmTC_0f5c2.dir/link.txt --verbose=1
/usr/bin/cc       CMakeFiles/cmTC_0f5c2.dir/CheckSymbolExists.c.o  -o cmTC_0f5c2 -rdynamic 
CMakeFiles/cmTC_0f5c2.dir/CheckSymbolExists.c.o: In function `main':
CheckSymbolExists.c:(.text+0x16): undefined reference to `pthread_create'
collect2: error: ld returned 1 exit status
CMakeFiles/cmTC_0f5c2.dir/build.make:97: recipe for target 'cmTC_0f5c2' failed
make[1]: *** [cmTC_0f5c2] Error 1
make[1]: Leaving directory '/home/adithya/ReinfLearn/gym/gym-gazebo/gym-gazebo/gym_gazebo/envs/installation/catkin_ws/build_isolated/hector_gazebo_plugins/CMakeFiles/CMakeTmp'
Makefile:126: recipe for target 'cmTC_0f5c2/fast' failed
make: *** [cmTC_0f5c2/fast] Error 2

File /home/adithya/ReinfLearn/gym/gym-gazebo/gym-gazebo/gym_gazebo/envs/installation/catkin_ws/build_isolated/hector_gazebo_plugins/CMakeFiles/CMakeTmp/CheckSymbolExists.c:
/* */
#include <pthread.h>

int main(int argc, char** argv)
{
  (void)argv;
#ifndef pthread_create
  return ((int*)(&pthread_create))[argc];
#else
  (void)argc;
  return 0;
#endif
}

Determining if the function pthread_create exists in the pthreads failed with the following output:
Change Dir: /home/adithya/ReinfLearn/gym/gym-gazebo/gym-gazebo/gym_gazebo/envs/installation/catkin_ws/build_isolated/hector_gazebo_plugins/CMakeFiles/CMakeTmp

Run Build Command:"/usr/bin/make" "cmTC_28ccf/fast"
/usr/bin/make -f CMakeFiles/cmTC_28ccf.dir/build.make CMakeFiles/cmTC_28ccf.dir/build
make[1]: Entering directory '/home/adithya/ReinfLearn/gym/gym-gazebo/gym-gazebo/gym_gazebo/envs/installation/catkin_ws/build_isolated/hector_gazebo_plugins/CMakeFiles/CMakeTmp'
Building C object CMakeFiles/cmTC_28ccf.dir/CheckFunctionExists.c.o
/usr/bin/cc    -DCHECK_FUNCTION_EXISTS=pthread_create   -o CMakeFiles/cmTC_28ccf.dir/CheckFunctionExists.c.o   -c /usr/share/cmake-3.5/Modules/CheckFunctionExists.c
Linking C executable cmTC_28ccf
/usr/bin/cmake -E cmake_link_script CMakeFiles/cmTC_28ccf.dir/link.txt --verbose=1
/usr/bin/cc   -DCHECK_FUNCTION_EXISTS=pthread_create    CMakeFiles/cmTC_28ccf.dir/CheckFunctionExists.c.o  -o cmTC_28ccf -rdynamic -lpthreads 
/usr/bin/ld: cannot find -lpthreads
collect2: error: ld returned 1 exit status
CMakeFiles/cmTC_28ccf.dir/build.make:97: recipe for target 'cmTC_28ccf' failed
make[1]: *** [cmTC_28ccf] Error 1
make[1]: Leaving directory '/home/adithya/ReinfLearn/gym/gym-gazebo/gym-gazebo/gym_gazebo/envs/installation/catkin_ws/build_isolated/hector_gazebo_plugins/CMakeFiles/CMakeTmp'
Makefile:126: recipe for target 'cmTC_28ccf/fast' failed
make: *** [cmTC_28ccf/fast] Error 2


