Determining if the pthread_create exist failed with the following output:
Change Dir: /home/adithya/ReinfLearn/gym/gym-gazebo/gym-gazebo/gym_gazebo/envs/installation/catkin_ws/build_isolated/image_common/CMakeFiles/CMakeTmp

Run Build Command:"/usr/bin/make" "cmTC_74079/fast"
/usr/bin/make -f CMakeFiles/cmTC_74079.dir/build.make CMakeFiles/cmTC_74079.dir/build
make[1]: Entering directory '/home/adithya/ReinfLearn/gym/gym-gazebo/gym-gazebo/gym_gazebo/envs/installation/catkin_ws/build_isolated/image_common/CMakeFiles/CMakeTmp'
Building C object CMakeFiles/cmTC_74079.dir/CheckSymbolExists.c.o
/usr/bin/cc     -o CMakeFiles/cmTC_74079.dir/CheckSymbolExists.c.o   -c /home/adithya/ReinfLearn/gym/gym-gazebo/gym-gazebo/gym_gazebo/envs/installation/catkin_ws/build_isolated/image_common/CMakeFiles/CMakeTmp/CheckSymbolExists.c
Linking C executable cmTC_74079
/usr/bin/cmake -E cmake_link_script CMakeFiles/cmTC_74079.dir/link.txt --verbose=1
/usr/bin/cc       CMakeFiles/cmTC_74079.dir/CheckSymbolExists.c.o  -o cmTC_74079 -rdynamic 
CMakeFiles/cmTC_74079.dir/CheckSymbolExists.c.o: In function `main':
CheckSymbolExists.c:(.text+0x16): undefined reference to `pthread_create'
collect2: error: ld returned 1 exit status
CMakeFiles/cmTC_74079.dir/build.make:97: recipe for target 'cmTC_74079' failed
make[1]: *** [cmTC_74079] Error 1
make[1]: Leaving directory '/home/adithya/ReinfLearn/gym/gym-gazebo/gym-gazebo/gym_gazebo/envs/installation/catkin_ws/build_isolated/image_common/CMakeFiles/CMakeTmp'
Makefile:126: recipe for target 'cmTC_74079/fast' failed
make: *** [cmTC_74079/fast] Error 2

File /home/adithya/ReinfLearn/gym/gym-gazebo/gym-gazebo/gym_gazebo/envs/installation/catkin_ws/build_isolated/image_common/CMakeFiles/CMakeTmp/CheckSymbolExists.c:
/* */
#include <pthread.h>

int main(int argc, char** argv)
{
  (void)argv;
#ifndef pthread_create
  return ((int*)(&pthread_create))[argc];
#else
  (void)argc;
  return 0;
#endif
}

Determining if the function pthread_create exists in the pthreads failed with the following output:
Change Dir: /home/adithya/ReinfLearn/gym/gym-gazebo/gym-gazebo/gym_gazebo/envs/installation/catkin_ws/build_isolated/image_common/CMakeFiles/CMakeTmp

Run Build Command:"/usr/bin/make" "cmTC_fc521/fast"
/usr/bin/make -f CMakeFiles/cmTC_fc521.dir/build.make CMakeFiles/cmTC_fc521.dir/build
make[1]: Entering directory '/home/adithya/ReinfLearn/gym/gym-gazebo/gym-gazebo/gym_gazebo/envs/installation/catkin_ws/build_isolated/image_common/CMakeFiles/CMakeTmp'
Building C object CMakeFiles/cmTC_fc521.dir/CheckFunctionExists.c.o
/usr/bin/cc    -DCHECK_FUNCTION_EXISTS=pthread_create   -o CMakeFiles/cmTC_fc521.dir/CheckFunctionExists.c.o   -c /usr/share/cmake-3.5/Modules/CheckFunctionExists.c
Linking C executable cmTC_fc521
/usr/bin/cmake -E cmake_link_script CMakeFiles/cmTC_fc521.dir/link.txt --verbose=1
/usr/bin/cc   -DCHECK_FUNCTION_EXISTS=pthread_create    CMakeFiles/cmTC_fc521.dir/CheckFunctionExists.c.o  -o cmTC_fc521 -rdynamic -lpthreads 
/usr/bin/ld: cannot find -lpthreads
collect2: error: ld returned 1 exit status
CMakeFiles/cmTC_fc521.dir/build.make:97: recipe for target 'cmTC_fc521' failed
make[1]: *** [cmTC_fc521] Error 1
make[1]: Leaving directory '/home/adithya/ReinfLearn/gym/gym-gazebo/gym-gazebo/gym_gazebo/envs/installation/catkin_ws/build_isolated/image_common/CMakeFiles/CMakeTmp'
Makefile:126: recipe for target 'cmTC_fc521/fast' failed
make: *** [cmTC_fc521/fast] Error 2


