Determining if the pthread_create exist failed with the following output:
Change Dir: /home/adithya/ReinfLearn/gym/gym-gazebo/gym-gazebo/gym_gazebo/envs/installation/catkin_ws/build_isolated/yocs_navi_toolkit/CMakeFiles/CMakeTmp

Run Build Command:"/usr/bin/make" "cmTC_8eb2e/fast"
/usr/bin/make -f CMakeFiles/cmTC_8eb2e.dir/build.make CMakeFiles/cmTC_8eb2e.dir/build
make[1]: Entering directory '/home/adithya/ReinfLearn/gym/gym-gazebo/gym-gazebo/gym_gazebo/envs/installation/catkin_ws/build_isolated/yocs_navi_toolkit/CMakeFiles/CMakeTmp'
Building C object CMakeFiles/cmTC_8eb2e.dir/CheckSymbolExists.c.o
/usr/bin/cc     -o CMakeFiles/cmTC_8eb2e.dir/CheckSymbolExists.c.o   -c /home/adithya/ReinfLearn/gym/gym-gazebo/gym-gazebo/gym_gazebo/envs/installation/catkin_ws/build_isolated/yocs_navi_toolkit/CMakeFiles/CMakeTmp/CheckSymbolExists.c
Linking C executable cmTC_8eb2e
/usr/bin/cmake -E cmake_link_script CMakeFiles/cmTC_8eb2e.dir/link.txt --verbose=1
/usr/bin/cc       CMakeFiles/cmTC_8eb2e.dir/CheckSymbolExists.c.o  -o cmTC_8eb2e -rdynamic 
CMakeFiles/cmTC_8eb2e.dir/CheckSymbolExists.c.o: In function `main':
CheckSymbolExists.c:(.text+0x16): undefined reference to `pthread_create'
collect2: error: ld returned 1 exit status
CMakeFiles/cmTC_8eb2e.dir/build.make:97: recipe for target 'cmTC_8eb2e' failed
make[1]: *** [cmTC_8eb2e] Error 1
make[1]: Leaving directory '/home/adithya/ReinfLearn/gym/gym-gazebo/gym-gazebo/gym_gazebo/envs/installation/catkin_ws/build_isolated/yocs_navi_toolkit/CMakeFiles/CMakeTmp'
Makefile:126: recipe for target 'cmTC_8eb2e/fast' failed
make: *** [cmTC_8eb2e/fast] Error 2

File /home/adithya/ReinfLearn/gym/gym-gazebo/gym-gazebo/gym_gazebo/envs/installation/catkin_ws/build_isolated/yocs_navi_toolkit/CMakeFiles/CMakeTmp/CheckSymbolExists.c:
/* */
#include <pthread.h>

int main(int argc, char** argv)
{
  (void)argv;
#ifndef pthread_create
  return ((int*)(&pthread_create))[argc];
#else
  (void)argc;
  return 0;
#endif
}

Determining if the function pthread_create exists in the pthreads failed with the following output:
Change Dir: /home/adithya/ReinfLearn/gym/gym-gazebo/gym-gazebo/gym_gazebo/envs/installation/catkin_ws/build_isolated/yocs_navi_toolkit/CMakeFiles/CMakeTmp

Run Build Command:"/usr/bin/make" "cmTC_43cf7/fast"
/usr/bin/make -f CMakeFiles/cmTC_43cf7.dir/build.make CMakeFiles/cmTC_43cf7.dir/build
make[1]: Entering directory '/home/adithya/ReinfLearn/gym/gym-gazebo/gym-gazebo/gym_gazebo/envs/installation/catkin_ws/build_isolated/yocs_navi_toolkit/CMakeFiles/CMakeTmp'
Building C object CMakeFiles/cmTC_43cf7.dir/CheckFunctionExists.c.o
/usr/bin/cc    -DCHECK_FUNCTION_EXISTS=pthread_create   -o CMakeFiles/cmTC_43cf7.dir/CheckFunctionExists.c.o   -c /usr/share/cmake-3.5/Modules/CheckFunctionExists.c
Linking C executable cmTC_43cf7
/usr/bin/cmake -E cmake_link_script CMakeFiles/cmTC_43cf7.dir/link.txt --verbose=1
/usr/bin/cc   -DCHECK_FUNCTION_EXISTS=pthread_create    CMakeFiles/cmTC_43cf7.dir/CheckFunctionExists.c.o  -o cmTC_43cf7 -rdynamic -lpthreads 
/usr/bin/ld: cannot find -lpthreads
collect2: error: ld returned 1 exit status
CMakeFiles/cmTC_43cf7.dir/build.make:97: recipe for target 'cmTC_43cf7' failed
make[1]: *** [cmTC_43cf7] Error 1
make[1]: Leaving directory '/home/adithya/ReinfLearn/gym/gym-gazebo/gym-gazebo/gym_gazebo/envs/installation/catkin_ws/build_isolated/yocs_navi_toolkit/CMakeFiles/CMakeTmp'
Makefile:126: recipe for target 'cmTC_43cf7/fast' failed
make: *** [cmTC_43cf7/fast] Error 2


