Determining if the pthread_create exist failed with the following output:
Change Dir: /home/adithya/ReinfLearn/gym/gym-gazebo/gym-gazebo/gym_gazebo/envs/installation/catkin_ws/build_isolated/mybot_description/CMakeFiles/CMakeTmp

Run Build Command:"/usr/bin/make" "cmTC_9356c/fast"
/usr/bin/make -f CMakeFiles/cmTC_9356c.dir/build.make CMakeFiles/cmTC_9356c.dir/build
make[1]: Entering directory '/home/adithya/ReinfLearn/gym/gym-gazebo/gym-gazebo/gym_gazebo/envs/installation/catkin_ws/build_isolated/mybot_description/CMakeFiles/CMakeTmp'
Building C object CMakeFiles/cmTC_9356c.dir/CheckSymbolExists.c.o
/usr/bin/cc    -o CMakeFiles/cmTC_9356c.dir/CheckSymbolExists.c.o   -c /home/adithya/ReinfLearn/gym/gym-gazebo/gym-gazebo/gym_gazebo/envs/installation/catkin_ws/build_isolated/mybot_description/CMakeFiles/CMakeTmp/CheckSymbolExists.c
Linking C executable cmTC_9356c
/usr/local/bin/cmake -E cmake_link_script CMakeFiles/cmTC_9356c.dir/link.txt --verbose=1
/usr/bin/cc      -rdynamic CMakeFiles/cmTC_9356c.dir/CheckSymbolExists.c.o  -o cmTC_9356c 
CMakeFiles/cmTC_9356c.dir/CheckSymbolExists.c.o: In function `main':
CheckSymbolExists.c:(.text+0x16): undefined reference to `pthread_create'
collect2: error: ld returned 1 exit status
CMakeFiles/cmTC_9356c.dir/build.make:86: recipe for target 'cmTC_9356c' failed
make[1]: *** [cmTC_9356c] Error 1
make[1]: Leaving directory '/home/adithya/ReinfLearn/gym/gym-gazebo/gym-gazebo/gym_gazebo/envs/installation/catkin_ws/build_isolated/mybot_description/CMakeFiles/CMakeTmp'
Makefile:121: recipe for target 'cmTC_9356c/fast' failed
make: *** [cmTC_9356c/fast] Error 2

File /home/adithya/ReinfLearn/gym/gym-gazebo/gym-gazebo/gym_gazebo/envs/installation/catkin_ws/build_isolated/mybot_description/CMakeFiles/CMakeTmp/CheckSymbolExists.c:
/* */
#include <pthread.h>

int main(int argc, char** argv)
{
  (void)argv;
#ifndef pthread_create
  return ((int*)(&pthread_create))[argc];
#else
  (void)argc;
  return 0;
#endif
}

Determining if the function pthread_create exists in the pthreads failed with the following output:
Change Dir: /home/adithya/ReinfLearn/gym/gym-gazebo/gym-gazebo/gym_gazebo/envs/installation/catkin_ws/build_isolated/mybot_description/CMakeFiles/CMakeTmp

Run Build Command:"/usr/bin/make" "cmTC_2e8e9/fast"
/usr/bin/make -f CMakeFiles/cmTC_2e8e9.dir/build.make CMakeFiles/cmTC_2e8e9.dir/build
make[1]: Entering directory '/home/adithya/ReinfLearn/gym/gym-gazebo/gym-gazebo/gym_gazebo/envs/installation/catkin_ws/build_isolated/mybot_description/CMakeFiles/CMakeTmp'
Building C object CMakeFiles/cmTC_2e8e9.dir/CheckFunctionExists.c.o
/usr/bin/cc   -DCHECK_FUNCTION_EXISTS=pthread_create   -o CMakeFiles/cmTC_2e8e9.dir/CheckFunctionExists.c.o   -c /usr/local/share/cmake-3.12/Modules/CheckFunctionExists.c
Linking C executable cmTC_2e8e9
/usr/local/bin/cmake -E cmake_link_script CMakeFiles/cmTC_2e8e9.dir/link.txt --verbose=1
/usr/bin/cc  -DCHECK_FUNCTION_EXISTS=pthread_create    -rdynamic CMakeFiles/cmTC_2e8e9.dir/CheckFunctionExists.c.o  -o cmTC_2e8e9 -lpthreads 
/usr/bin/ld: cannot find -lpthreads
collect2: error: ld returned 1 exit status
CMakeFiles/cmTC_2e8e9.dir/build.make:86: recipe for target 'cmTC_2e8e9' failed
make[1]: *** [cmTC_2e8e9] Error 1
make[1]: Leaving directory '/home/adithya/ReinfLearn/gym/gym-gazebo/gym-gazebo/gym_gazebo/envs/installation/catkin_ws/build_isolated/mybot_description/CMakeFiles/CMakeTmp'
Makefile:121: recipe for target 'cmTC_2e8e9/fast' failed
make: *** [cmTC_2e8e9/fast] Error 2


