Determining if the pthread_create exist failed with the following output:
Change Dir: /home/adithya/ReinfLearn/gym/gym-gazebo/gym-gazebo/gym_gazebo/envs/installation/catkin_ws/build_isolated/global_planner/CMakeFiles/CMakeTmp

Run Build Command:"/usr/bin/make" "cmTC_80c70/fast"
/usr/bin/make -f CMakeFiles/cmTC_80c70.dir/build.make CMakeFiles/cmTC_80c70.dir/build
make[1]: Entering directory '/home/adithya/ReinfLearn/gym/gym-gazebo/gym-gazebo/gym_gazebo/envs/installation/catkin_ws/build_isolated/global_planner/CMakeFiles/CMakeTmp'
Building C object CMakeFiles/cmTC_80c70.dir/CheckSymbolExists.c.o
/usr/bin/cc     -o CMakeFiles/cmTC_80c70.dir/CheckSymbolExists.c.o   -c /home/adithya/ReinfLearn/gym/gym-gazebo/gym-gazebo/gym_gazebo/envs/installation/catkin_ws/build_isolated/global_planner/CMakeFiles/CMakeTmp/CheckSymbolExists.c
Linking C executable cmTC_80c70
/usr/bin/cmake -E cmake_link_script CMakeFiles/cmTC_80c70.dir/link.txt --verbose=1
/usr/bin/cc       CMakeFiles/cmTC_80c70.dir/CheckSymbolExists.c.o  -o cmTC_80c70 -rdynamic 
CMakeFiles/cmTC_80c70.dir/CheckSymbolExists.c.o: In function `main':
CheckSymbolExists.c:(.text+0x16): undefined reference to `pthread_create'
collect2: error: ld returned 1 exit status
CMakeFiles/cmTC_80c70.dir/build.make:97: recipe for target 'cmTC_80c70' failed
make[1]: *** [cmTC_80c70] Error 1
make[1]: Leaving directory '/home/adithya/ReinfLearn/gym/gym-gazebo/gym-gazebo/gym_gazebo/envs/installation/catkin_ws/build_isolated/global_planner/CMakeFiles/CMakeTmp'
Makefile:126: recipe for target 'cmTC_80c70/fast' failed
make: *** [cmTC_80c70/fast] Error 2

File /home/adithya/ReinfLearn/gym/gym-gazebo/gym-gazebo/gym_gazebo/envs/installation/catkin_ws/build_isolated/global_planner/CMakeFiles/CMakeTmp/CheckSymbolExists.c:
/* */
#include <pthread.h>

int main(int argc, char** argv)
{
  (void)argv;
#ifndef pthread_create
  return ((int*)(&pthread_create))[argc];
#else
  (void)argc;
  return 0;
#endif
}

Determining if the function pthread_create exists in the pthreads failed with the following output:
Change Dir: /home/adithya/ReinfLearn/gym/gym-gazebo/gym-gazebo/gym_gazebo/envs/installation/catkin_ws/build_isolated/global_planner/CMakeFiles/CMakeTmp

Run Build Command:"/usr/bin/make" "cmTC_e862e/fast"
/usr/bin/make -f CMakeFiles/cmTC_e862e.dir/build.make CMakeFiles/cmTC_e862e.dir/build
make[1]: Entering directory '/home/adithya/ReinfLearn/gym/gym-gazebo/gym-gazebo/gym_gazebo/envs/installation/catkin_ws/build_isolated/global_planner/CMakeFiles/CMakeTmp'
Building C object CMakeFiles/cmTC_e862e.dir/CheckFunctionExists.c.o
/usr/bin/cc    -DCHECK_FUNCTION_EXISTS=pthread_create   -o CMakeFiles/cmTC_e862e.dir/CheckFunctionExists.c.o   -c /usr/share/cmake-3.5/Modules/CheckFunctionExists.c
Linking C executable cmTC_e862e
/usr/bin/cmake -E cmake_link_script CMakeFiles/cmTC_e862e.dir/link.txt --verbose=1
/usr/bin/cc   -DCHECK_FUNCTION_EXISTS=pthread_create    CMakeFiles/cmTC_e862e.dir/CheckFunctionExists.c.o  -o cmTC_e862e -rdynamic -lpthreads 
/usr/bin/ld: cannot find -lpthreads
collect2: error: ld returned 1 exit status
CMakeFiles/cmTC_e862e.dir/build.make:97: recipe for target 'cmTC_e862e' failed
make[1]: *** [cmTC_e862e] Error 1
make[1]: Leaving directory '/home/adithya/ReinfLearn/gym/gym-gazebo/gym-gazebo/gym_gazebo/envs/installation/catkin_ws/build_isolated/global_planner/CMakeFiles/CMakeTmp'
Makefile:126: recipe for target 'cmTC_e862e/fast' failed
make: *** [cmTC_e862e/fast] Error 2


