Determining if the pthread_create exist failed with the following output:
Change Dir: /home/adithya/ReinfLearn/gym/gym-gazebo/gym-gazebo/gym_gazebo/envs/installation/catkin_ws/build_isolated/yocs_diff_drive_pose_controller/CMakeFiles/CMakeTmp

Run Build Command:"/usr/bin/make" "cmTC_b85cd/fast"
/usr/bin/make -f CMakeFiles/cmTC_b85cd.dir/build.make CMakeFiles/cmTC_b85cd.dir/build
make[1]: Entering directory '/home/adithya/ReinfLearn/gym/gym-gazebo/gym-gazebo/gym_gazebo/envs/installation/catkin_ws/build_isolated/yocs_diff_drive_pose_controller/CMakeFiles/CMakeTmp'
Building C object CMakeFiles/cmTC_b85cd.dir/CheckSymbolExists.c.o
/usr/bin/cc     -o CMakeFiles/cmTC_b85cd.dir/CheckSymbolExists.c.o   -c /home/adithya/ReinfLearn/gym/gym-gazebo/gym-gazebo/gym_gazebo/envs/installation/catkin_ws/build_isolated/yocs_diff_drive_pose_controller/CMakeFiles/CMakeTmp/CheckSymbolExists.c
Linking C executable cmTC_b85cd
/usr/bin/cmake -E cmake_link_script CMakeFiles/cmTC_b85cd.dir/link.txt --verbose=1
/usr/bin/cc       CMakeFiles/cmTC_b85cd.dir/CheckSymbolExists.c.o  -o cmTC_b85cd -rdynamic 
CMakeFiles/cmTC_b85cd.dir/CheckSymbolExists.c.o: In function `main':
CheckSymbolExists.c:(.text+0x16): undefined reference to `pthread_create'
collect2: error: ld returned 1 exit status
CMakeFiles/cmTC_b85cd.dir/build.make:97: recipe for target 'cmTC_b85cd' failed
make[1]: *** [cmTC_b85cd] Error 1
make[1]: Leaving directory '/home/adithya/ReinfLearn/gym/gym-gazebo/gym-gazebo/gym_gazebo/envs/installation/catkin_ws/build_isolated/yocs_diff_drive_pose_controller/CMakeFiles/CMakeTmp'
Makefile:126: recipe for target 'cmTC_b85cd/fast' failed
make: *** [cmTC_b85cd/fast] Error 2

File /home/adithya/ReinfLearn/gym/gym-gazebo/gym-gazebo/gym_gazebo/envs/installation/catkin_ws/build_isolated/yocs_diff_drive_pose_controller/CMakeFiles/CMakeTmp/CheckSymbolExists.c:
/* */
#include <pthread.h>

int main(int argc, char** argv)
{
  (void)argv;
#ifndef pthread_create
  return ((int*)(&pthread_create))[argc];
#else
  (void)argc;
  return 0;
#endif
}

Determining if the function pthread_create exists in the pthreads failed with the following output:
Change Dir: /home/adithya/ReinfLearn/gym/gym-gazebo/gym-gazebo/gym_gazebo/envs/installation/catkin_ws/build_isolated/yocs_diff_drive_pose_controller/CMakeFiles/CMakeTmp

Run Build Command:"/usr/bin/make" "cmTC_ea721/fast"
/usr/bin/make -f CMakeFiles/cmTC_ea721.dir/build.make CMakeFiles/cmTC_ea721.dir/build
make[1]: Entering directory '/home/adithya/ReinfLearn/gym/gym-gazebo/gym-gazebo/gym_gazebo/envs/installation/catkin_ws/build_isolated/yocs_diff_drive_pose_controller/CMakeFiles/CMakeTmp'
Building C object CMakeFiles/cmTC_ea721.dir/CheckFunctionExists.c.o
/usr/bin/cc    -DCHECK_FUNCTION_EXISTS=pthread_create   -o CMakeFiles/cmTC_ea721.dir/CheckFunctionExists.c.o   -c /usr/share/cmake-3.5/Modules/CheckFunctionExists.c
Linking C executable cmTC_ea721
/usr/bin/cmake -E cmake_link_script CMakeFiles/cmTC_ea721.dir/link.txt --verbose=1
/usr/bin/cc   -DCHECK_FUNCTION_EXISTS=pthread_create    CMakeFiles/cmTC_ea721.dir/CheckFunctionExists.c.o  -o cmTC_ea721 -rdynamic -lpthreads 
/usr/bin/ld: cannot find -lpthreads
collect2: error: ld returned 1 exit status
CMakeFiles/cmTC_ea721.dir/build.make:97: recipe for target 'cmTC_ea721' failed
make[1]: *** [cmTC_ea721] Error 1
make[1]: Leaving directory '/home/adithya/ReinfLearn/gym/gym-gazebo/gym-gazebo/gym_gazebo/envs/installation/catkin_ws/build_isolated/yocs_diff_drive_pose_controller/CMakeFiles/CMakeTmp'
Makefile:126: recipe for target 'cmTC_ea721/fast' failed
make: *** [cmTC_ea721/fast] Error 2


