Determining if the pthread_create exist failed with the following output:
Change Dir: /home/adithya/ReinfLearn/gym/gym-gazebo/gym-gazebo/gym_gazebo/envs/installation/catkin_ws/build_isolated/timestamp_tools/CMakeFiles/CMakeTmp

Run Build Command:"/usr/bin/make" "cmTC_b839c/fast"
/usr/bin/make -f CMakeFiles/cmTC_b839c.dir/build.make CMakeFiles/cmTC_b839c.dir/build
make[1]: Entering directory '/home/adithya/ReinfLearn/gym/gym-gazebo/gym-gazebo/gym_gazebo/envs/installation/catkin_ws/build_isolated/timestamp_tools/CMakeFiles/CMakeTmp'
Building C object CMakeFiles/cmTC_b839c.dir/CheckSymbolExists.c.o
/usr/bin/cc     -o CMakeFiles/cmTC_b839c.dir/CheckSymbolExists.c.o   -c /home/adithya/ReinfLearn/gym/gym-gazebo/gym-gazebo/gym_gazebo/envs/installation/catkin_ws/build_isolated/timestamp_tools/CMakeFiles/CMakeTmp/CheckSymbolExists.c
Linking C executable cmTC_b839c
/usr/bin/cmake -E cmake_link_script CMakeFiles/cmTC_b839c.dir/link.txt --verbose=1
/usr/bin/cc       CMakeFiles/cmTC_b839c.dir/CheckSymbolExists.c.o  -o cmTC_b839c -rdynamic 
CMakeFiles/cmTC_b839c.dir/CheckSymbolExists.c.o: In function `main':
CheckSymbolExists.c:(.text+0x16): undefined reference to `pthread_create'
collect2: error: ld returned 1 exit status
CMakeFiles/cmTC_b839c.dir/build.make:97: recipe for target 'cmTC_b839c' failed
make[1]: *** [cmTC_b839c] Error 1
make[1]: Leaving directory '/home/adithya/ReinfLearn/gym/gym-gazebo/gym-gazebo/gym_gazebo/envs/installation/catkin_ws/build_isolated/timestamp_tools/CMakeFiles/CMakeTmp'
Makefile:126: recipe for target 'cmTC_b839c/fast' failed
make: *** [cmTC_b839c/fast] Error 2

File /home/adithya/ReinfLearn/gym/gym-gazebo/gym-gazebo/gym_gazebo/envs/installation/catkin_ws/build_isolated/timestamp_tools/CMakeFiles/CMakeTmp/CheckSymbolExists.c:
/* */
#include <pthread.h>

int main(int argc, char** argv)
{
  (void)argv;
#ifndef pthread_create
  return ((int*)(&pthread_create))[argc];
#else
  (void)argc;
  return 0;
#endif
}

Determining if the function pthread_create exists in the pthreads failed with the following output:
Change Dir: /home/adithya/ReinfLearn/gym/gym-gazebo/gym-gazebo/gym_gazebo/envs/installation/catkin_ws/build_isolated/timestamp_tools/CMakeFiles/CMakeTmp

Run Build Command:"/usr/bin/make" "cmTC_06246/fast"
/usr/bin/make -f CMakeFiles/cmTC_06246.dir/build.make CMakeFiles/cmTC_06246.dir/build
make[1]: Entering directory '/home/adithya/ReinfLearn/gym/gym-gazebo/gym-gazebo/gym_gazebo/envs/installation/catkin_ws/build_isolated/timestamp_tools/CMakeFiles/CMakeTmp'
Building C object CMakeFiles/cmTC_06246.dir/CheckFunctionExists.c.o
/usr/bin/cc    -DCHECK_FUNCTION_EXISTS=pthread_create   -o CMakeFiles/cmTC_06246.dir/CheckFunctionExists.c.o   -c /usr/share/cmake-3.5/Modules/CheckFunctionExists.c
Linking C executable cmTC_06246
/usr/bin/cmake -E cmake_link_script CMakeFiles/cmTC_06246.dir/link.txt --verbose=1
/usr/bin/cc   -DCHECK_FUNCTION_EXISTS=pthread_create    CMakeFiles/cmTC_06246.dir/CheckFunctionExists.c.o  -o cmTC_06246 -rdynamic -lpthreads 
/usr/bin/ld: cannot find -lpthreads
collect2: error: ld returned 1 exit status
CMakeFiles/cmTC_06246.dir/build.make:97: recipe for target 'cmTC_06246' failed
make[1]: *** [cmTC_06246] Error 1
make[1]: Leaving directory '/home/adithya/ReinfLearn/gym/gym-gazebo/gym-gazebo/gym_gazebo/envs/installation/catkin_ws/build_isolated/timestamp_tools/CMakeFiles/CMakeTmp'
Makefile:126: recipe for target 'cmTC_06246/fast' failed
make: *** [cmTC_06246/fast] Error 2


