Determining if the pthread_create exist failed with the following output:
Change Dir: /home/adithya/ReinfLearn/gym/gym-gazebo/gym-gazebo/gym_gazebo/envs/installation/catkin_ws/build_isolated/kobuki_ftdi/CMakeFiles/CMakeTmp

Run Build Command:"/usr/bin/make" "cmTC_e5a58/fast"
/usr/bin/make -f CMakeFiles/cmTC_e5a58.dir/build.make CMakeFiles/cmTC_e5a58.dir/build
make[1]: Entering directory '/home/adithya/ReinfLearn/gym/gym-gazebo/gym-gazebo/gym_gazebo/envs/installation/catkin_ws/build_isolated/kobuki_ftdi/CMakeFiles/CMakeTmp'
Building C object CMakeFiles/cmTC_e5a58.dir/CheckSymbolExists.c.o
/usr/bin/cc     -o CMakeFiles/cmTC_e5a58.dir/CheckSymbolExists.c.o   -c /home/adithya/ReinfLearn/gym/gym-gazebo/gym-gazebo/gym_gazebo/envs/installation/catkin_ws/build_isolated/kobuki_ftdi/CMakeFiles/CMakeTmp/CheckSymbolExists.c
Linking C executable cmTC_e5a58
/usr/bin/cmake -E cmake_link_script CMakeFiles/cmTC_e5a58.dir/link.txt --verbose=1
/usr/bin/cc       CMakeFiles/cmTC_e5a58.dir/CheckSymbolExists.c.o  -o cmTC_e5a58 -rdynamic 
CMakeFiles/cmTC_e5a58.dir/CheckSymbolExists.c.o: In function `main':
CheckSymbolExists.c:(.text+0x16): undefined reference to `pthread_create'
collect2: error: ld returned 1 exit status
CMakeFiles/cmTC_e5a58.dir/build.make:97: recipe for target 'cmTC_e5a58' failed
make[1]: *** [cmTC_e5a58] Error 1
make[1]: Leaving directory '/home/adithya/ReinfLearn/gym/gym-gazebo/gym-gazebo/gym_gazebo/envs/installation/catkin_ws/build_isolated/kobuki_ftdi/CMakeFiles/CMakeTmp'
Makefile:126: recipe for target 'cmTC_e5a58/fast' failed
make: *** [cmTC_e5a58/fast] Error 2

File /home/adithya/ReinfLearn/gym/gym-gazebo/gym-gazebo/gym_gazebo/envs/installation/catkin_ws/build_isolated/kobuki_ftdi/CMakeFiles/CMakeTmp/CheckSymbolExists.c:
/* */
#include <pthread.h>

int main(int argc, char** argv)
{
  (void)argv;
#ifndef pthread_create
  return ((int*)(&pthread_create))[argc];
#else
  (void)argc;
  return 0;
#endif
}

Determining if the function pthread_create exists in the pthreads failed with the following output:
Change Dir: /home/adithya/ReinfLearn/gym/gym-gazebo/gym-gazebo/gym_gazebo/envs/installation/catkin_ws/build_isolated/kobuki_ftdi/CMakeFiles/CMakeTmp

Run Build Command:"/usr/bin/make" "cmTC_d3b86/fast"
/usr/bin/make -f CMakeFiles/cmTC_d3b86.dir/build.make CMakeFiles/cmTC_d3b86.dir/build
make[1]: Entering directory '/home/adithya/ReinfLearn/gym/gym-gazebo/gym-gazebo/gym_gazebo/envs/installation/catkin_ws/build_isolated/kobuki_ftdi/CMakeFiles/CMakeTmp'
Building C object CMakeFiles/cmTC_d3b86.dir/CheckFunctionExists.c.o
/usr/bin/cc    -DCHECK_FUNCTION_EXISTS=pthread_create   -o CMakeFiles/cmTC_d3b86.dir/CheckFunctionExists.c.o   -c /usr/share/cmake-3.5/Modules/CheckFunctionExists.c
Linking C executable cmTC_d3b86
/usr/bin/cmake -E cmake_link_script CMakeFiles/cmTC_d3b86.dir/link.txt --verbose=1
/usr/bin/cc   -DCHECK_FUNCTION_EXISTS=pthread_create    CMakeFiles/cmTC_d3b86.dir/CheckFunctionExists.c.o  -o cmTC_d3b86 -rdynamic -lpthreads 
/usr/bin/ld: cannot find -lpthreads
collect2: error: ld returned 1 exit status
CMakeFiles/cmTC_d3b86.dir/build.make:97: recipe for target 'cmTC_d3b86' failed
make[1]: *** [cmTC_d3b86] Error 1
make[1]: Leaving directory '/home/adithya/ReinfLearn/gym/gym-gazebo/gym-gazebo/gym_gazebo/envs/installation/catkin_ws/build_isolated/kobuki_ftdi/CMakeFiles/CMakeTmp'
Makefile:126: recipe for target 'cmTC_d3b86/fast' failed
make: *** [cmTC_d3b86/fast] Error 2


