Determining if the pthread_create exist failed with the following output:
Change Dir: /home/adithya/ReinfLearn/gym/gym-gazebo/gym-gazebo/gym_gazebo/envs/installation/catkin_ws/build_isolated/hector_sensors_gazebo/CMakeFiles/CMakeTmp

Run Build Command:"/usr/bin/make" "cmTC_58854/fast"
/usr/bin/make -f CMakeFiles/cmTC_58854.dir/build.make CMakeFiles/cmTC_58854.dir/build
make[1]: Entering directory '/home/adithya/ReinfLearn/gym/gym-gazebo/gym-gazebo/gym_gazebo/envs/installation/catkin_ws/build_isolated/hector_sensors_gazebo/CMakeFiles/CMakeTmp'
Building C object CMakeFiles/cmTC_58854.dir/CheckSymbolExists.c.o
/usr/bin/cc     -o CMakeFiles/cmTC_58854.dir/CheckSymbolExists.c.o   -c /home/adithya/ReinfLearn/gym/gym-gazebo/gym-gazebo/gym_gazebo/envs/installation/catkin_ws/build_isolated/hector_sensors_gazebo/CMakeFiles/CMakeTmp/CheckSymbolExists.c
Linking C executable cmTC_58854
/usr/bin/cmake -E cmake_link_script CMakeFiles/cmTC_58854.dir/link.txt --verbose=1
/usr/bin/cc       CMakeFiles/cmTC_58854.dir/CheckSymbolExists.c.o  -o cmTC_58854 -rdynamic 
CMakeFiles/cmTC_58854.dir/CheckSymbolExists.c.o: In function `main':
CheckSymbolExists.c:(.text+0x16): undefined reference to `pthread_create'
collect2: error: ld returned 1 exit status
CMakeFiles/cmTC_58854.dir/build.make:97: recipe for target 'cmTC_58854' failed
make[1]: *** [cmTC_58854] Error 1
make[1]: Leaving directory '/home/adithya/ReinfLearn/gym/gym-gazebo/gym-gazebo/gym_gazebo/envs/installation/catkin_ws/build_isolated/hector_sensors_gazebo/CMakeFiles/CMakeTmp'
Makefile:126: recipe for target 'cmTC_58854/fast' failed
make: *** [cmTC_58854/fast] Error 2

File /home/adithya/ReinfLearn/gym/gym-gazebo/gym-gazebo/gym_gazebo/envs/installation/catkin_ws/build_isolated/hector_sensors_gazebo/CMakeFiles/CMakeTmp/CheckSymbolExists.c:
/* */
#include <pthread.h>

int main(int argc, char** argv)
{
  (void)argv;
#ifndef pthread_create
  return ((int*)(&pthread_create))[argc];
#else
  (void)argc;
  return 0;
#endif
}

Determining if the function pthread_create exists in the pthreads failed with the following output:
Change Dir: /home/adithya/ReinfLearn/gym/gym-gazebo/gym-gazebo/gym_gazebo/envs/installation/catkin_ws/build_isolated/hector_sensors_gazebo/CMakeFiles/CMakeTmp

Run Build Command:"/usr/bin/make" "cmTC_5c0e3/fast"
/usr/bin/make -f CMakeFiles/cmTC_5c0e3.dir/build.make CMakeFiles/cmTC_5c0e3.dir/build
make[1]: Entering directory '/home/adithya/ReinfLearn/gym/gym-gazebo/gym-gazebo/gym_gazebo/envs/installation/catkin_ws/build_isolated/hector_sensors_gazebo/CMakeFiles/CMakeTmp'
Building C object CMakeFiles/cmTC_5c0e3.dir/CheckFunctionExists.c.o
/usr/bin/cc    -DCHECK_FUNCTION_EXISTS=pthread_create   -o CMakeFiles/cmTC_5c0e3.dir/CheckFunctionExists.c.o   -c /usr/share/cmake-3.5/Modules/CheckFunctionExists.c
Linking C executable cmTC_5c0e3
/usr/bin/cmake -E cmake_link_script CMakeFiles/cmTC_5c0e3.dir/link.txt --verbose=1
/usr/bin/cc   -DCHECK_FUNCTION_EXISTS=pthread_create    CMakeFiles/cmTC_5c0e3.dir/CheckFunctionExists.c.o  -o cmTC_5c0e3 -rdynamic -lpthreads 
/usr/bin/ld: cannot find -lpthreads
collect2: error: ld returned 1 exit status
CMakeFiles/cmTC_5c0e3.dir/build.make:97: recipe for target 'cmTC_5c0e3' failed
make[1]: *** [cmTC_5c0e3] Error 1
make[1]: Leaving directory '/home/adithya/ReinfLearn/gym/gym-gazebo/gym-gazebo/gym_gazebo/envs/installation/catkin_ws/build_isolated/hector_sensors_gazebo/CMakeFiles/CMakeTmp'
Makefile:126: recipe for target 'cmTC_5c0e3/fast' failed
make: *** [cmTC_5c0e3/fast] Error 2


