Determining if the pthread_create exist failed with the following output:
Change Dir: /home/adithya/ReinfLearn/gym/gym-gazebo/gym-gazebo/gym_gazebo/envs/installation/catkin_ws/build_isolated/mybot_navigation/CMakeFiles/CMakeTmp

Run Build Command:"/usr/bin/make" "cmTC_ac71a/fast"
/usr/bin/make -f CMakeFiles/cmTC_ac71a.dir/build.make CMakeFiles/cmTC_ac71a.dir/build
make[1]: Entering directory '/home/adithya/ReinfLearn/gym/gym-gazebo/gym-gazebo/gym_gazebo/envs/installation/catkin_ws/build_isolated/mybot_navigation/CMakeFiles/CMakeTmp'
Building C object CMakeFiles/cmTC_ac71a.dir/CheckSymbolExists.c.o
/usr/bin/cc    -o CMakeFiles/cmTC_ac71a.dir/CheckSymbolExists.c.o   -c /home/adithya/ReinfLearn/gym/gym-gazebo/gym-gazebo/gym_gazebo/envs/installation/catkin_ws/build_isolated/mybot_navigation/CMakeFiles/CMakeTmp/CheckSymbolExists.c
Linking C executable cmTC_ac71a
/usr/local/bin/cmake -E cmake_link_script CMakeFiles/cmTC_ac71a.dir/link.txt --verbose=1
/usr/bin/cc      -rdynamic CMakeFiles/cmTC_ac71a.dir/CheckSymbolExists.c.o  -o cmTC_ac71a 
CMakeFiles/cmTC_ac71a.dir/CheckSymbolExists.c.o: In function `main':
CheckSymbolExists.c:(.text+0x16): undefined reference to `pthread_create'
collect2: error: ld returned 1 exit status
CMakeFiles/cmTC_ac71a.dir/build.make:86: recipe for target 'cmTC_ac71a' failed
make[1]: *** [cmTC_ac71a] Error 1
make[1]: Leaving directory '/home/adithya/ReinfLearn/gym/gym-gazebo/gym-gazebo/gym_gazebo/envs/installation/catkin_ws/build_isolated/mybot_navigation/CMakeFiles/CMakeTmp'
Makefile:121: recipe for target 'cmTC_ac71a/fast' failed
make: *** [cmTC_ac71a/fast] Error 2

File /home/adithya/ReinfLearn/gym/gym-gazebo/gym-gazebo/gym_gazebo/envs/installation/catkin_ws/build_isolated/mybot_navigation/CMakeFiles/CMakeTmp/CheckSymbolExists.c:
/* */
#include <pthread.h>

int main(int argc, char** argv)
{
  (void)argv;
#ifndef pthread_create
  return ((int*)(&pthread_create))[argc];
#else
  (void)argc;
  return 0;
#endif
}

Determining if the function pthread_create exists in the pthreads failed with the following output:
Change Dir: /home/adithya/ReinfLearn/gym/gym-gazebo/gym-gazebo/gym_gazebo/envs/installation/catkin_ws/build_isolated/mybot_navigation/CMakeFiles/CMakeTmp

Run Build Command:"/usr/bin/make" "cmTC_475a5/fast"
/usr/bin/make -f CMakeFiles/cmTC_475a5.dir/build.make CMakeFiles/cmTC_475a5.dir/build
make[1]: Entering directory '/home/adithya/ReinfLearn/gym/gym-gazebo/gym-gazebo/gym_gazebo/envs/installation/catkin_ws/build_isolated/mybot_navigation/CMakeFiles/CMakeTmp'
Building C object CMakeFiles/cmTC_475a5.dir/CheckFunctionExists.c.o
/usr/bin/cc   -DCHECK_FUNCTION_EXISTS=pthread_create   -o CMakeFiles/cmTC_475a5.dir/CheckFunctionExists.c.o   -c /usr/local/share/cmake-3.12/Modules/CheckFunctionExists.c
Linking C executable cmTC_475a5
/usr/local/bin/cmake -E cmake_link_script CMakeFiles/cmTC_475a5.dir/link.txt --verbose=1
/usr/bin/cc  -DCHECK_FUNCTION_EXISTS=pthread_create    -rdynamic CMakeFiles/cmTC_475a5.dir/CheckFunctionExists.c.o  -o cmTC_475a5 -lpthreads 
/usr/bin/ld: cannot find -lpthreads
collect2: error: ld returned 1 exit status
CMakeFiles/cmTC_475a5.dir/build.make:86: recipe for target 'cmTC_475a5' failed
make[1]: *** [cmTC_475a5] Error 1
make[1]: Leaving directory '/home/adithya/ReinfLearn/gym/gym-gazebo/gym-gazebo/gym_gazebo/envs/installation/catkin_ws/build_isolated/mybot_navigation/CMakeFiles/CMakeTmp'
Makefile:121: recipe for target 'cmTC_475a5/fast' failed
make: *** [cmTC_475a5/fast] Error 2


