Determining if the pthread_create exist failed with the following output:
Change Dir: /home/adithya/ReinfLearn/gym/gym-gazebo/gym-gazebo/gym_gazebo/envs/installation/catkin_ws/build_isolated/gazebo_rosPosePublisher/CMakeFiles/CMakeTmp

Run Build Command:"/usr/bin/make" "cmTC_e6a2c/fast"
/usr/bin/make -f CMakeFiles/cmTC_e6a2c.dir/build.make CMakeFiles/cmTC_e6a2c.dir/build
make[1]: Entering directory '/home/adithya/ReinfLearn/gym/gym-gazebo/gym-gazebo/gym_gazebo/envs/installation/catkin_ws/build_isolated/gazebo_rosPosePublisher/CMakeFiles/CMakeTmp'
Building C object CMakeFiles/cmTC_e6a2c.dir/CheckSymbolExists.c.o
/usr/bin/cc    -o CMakeFiles/cmTC_e6a2c.dir/CheckSymbolExists.c.o   -c /home/adithya/ReinfLearn/gym/gym-gazebo/gym-gazebo/gym_gazebo/envs/installation/catkin_ws/build_isolated/gazebo_rosPosePublisher/CMakeFiles/CMakeTmp/CheckSymbolExists.c
Linking C executable cmTC_e6a2c
/usr/local/bin/cmake -E cmake_link_script CMakeFiles/cmTC_e6a2c.dir/link.txt --verbose=1
/usr/bin/cc      -rdynamic CMakeFiles/cmTC_e6a2c.dir/CheckSymbolExists.c.o  -o cmTC_e6a2c 
CMakeFiles/cmTC_e6a2c.dir/CheckSymbolExists.c.o: In function `main':
CheckSymbolExists.c:(.text+0x16): undefined reference to `pthread_create'
collect2: error: ld returned 1 exit status
CMakeFiles/cmTC_e6a2c.dir/build.make:86: recipe for target 'cmTC_e6a2c' failed
make[1]: *** [cmTC_e6a2c] Error 1
make[1]: Leaving directory '/home/adithya/ReinfLearn/gym/gym-gazebo/gym-gazebo/gym_gazebo/envs/installation/catkin_ws/build_isolated/gazebo_rosPosePublisher/CMakeFiles/CMakeTmp'
Makefile:121: recipe for target 'cmTC_e6a2c/fast' failed
make: *** [cmTC_e6a2c/fast] Error 2

File /home/adithya/ReinfLearn/gym/gym-gazebo/gym-gazebo/gym_gazebo/envs/installation/catkin_ws/build_isolated/gazebo_rosPosePublisher/CMakeFiles/CMakeTmp/CheckSymbolExists.c:
/* */
#include <pthread.h>

int main(int argc, char** argv)
{
  (void)argv;
#ifndef pthread_create
  return ((int*)(&pthread_create))[argc];
#else
  (void)argc;
  return 0;
#endif
}

Determining if the function pthread_create exists in the pthreads failed with the following output:
Change Dir: /home/adithya/ReinfLearn/gym/gym-gazebo/gym-gazebo/gym_gazebo/envs/installation/catkin_ws/build_isolated/gazebo_rosPosePublisher/CMakeFiles/CMakeTmp

Run Build Command:"/usr/bin/make" "cmTC_cae43/fast"
/usr/bin/make -f CMakeFiles/cmTC_cae43.dir/build.make CMakeFiles/cmTC_cae43.dir/build
make[1]: Entering directory '/home/adithya/ReinfLearn/gym/gym-gazebo/gym-gazebo/gym_gazebo/envs/installation/catkin_ws/build_isolated/gazebo_rosPosePublisher/CMakeFiles/CMakeTmp'
Building C object CMakeFiles/cmTC_cae43.dir/CheckFunctionExists.c.o
/usr/bin/cc   -DCHECK_FUNCTION_EXISTS=pthread_create   -o CMakeFiles/cmTC_cae43.dir/CheckFunctionExists.c.o   -c /usr/local/share/cmake-3.12/Modules/CheckFunctionExists.c
Linking C executable cmTC_cae43
/usr/local/bin/cmake -E cmake_link_script CMakeFiles/cmTC_cae43.dir/link.txt --verbose=1
/usr/bin/cc  -DCHECK_FUNCTION_EXISTS=pthread_create    -rdynamic CMakeFiles/cmTC_cae43.dir/CheckFunctionExists.c.o  -o cmTC_cae43 -lpthreads 
/usr/bin/ld: cannot find -lpthreads
collect2: error: ld returned 1 exit status
CMakeFiles/cmTC_cae43.dir/build.make:86: recipe for target 'cmTC_cae43' failed
make[1]: *** [cmTC_cae43] Error 1
make[1]: Leaving directory '/home/adithya/ReinfLearn/gym/gym-gazebo/gym-gazebo/gym_gazebo/envs/installation/catkin_ws/build_isolated/gazebo_rosPosePublisher/CMakeFiles/CMakeTmp'
Makefile:121: recipe for target 'cmTC_cae43/fast' failed
make: *** [cmTC_cae43/fast] Error 2


