Determining if the pthread_create exist failed with the following output:
Change Dir: /home/adithya/ReinfLearn/gym/gym-gazebo/gym-gazebo/gym_gazebo/envs/installation/catkin_ws/build_isolated/hardware_interface/CMakeFiles/CMakeTmp

Run Build Command:"/usr/bin/make" "cmTC_5c778/fast"
/usr/bin/make -f CMakeFiles/cmTC_5c778.dir/build.make CMakeFiles/cmTC_5c778.dir/build
make[1]: Entering directory '/home/adithya/ReinfLearn/gym/gym-gazebo/gym-gazebo/gym_gazebo/envs/installation/catkin_ws/build_isolated/hardware_interface/CMakeFiles/CMakeTmp'
Building C object CMakeFiles/cmTC_5c778.dir/CheckSymbolExists.c.o
/usr/bin/cc     -o CMakeFiles/cmTC_5c778.dir/CheckSymbolExists.c.o   -c /home/adithya/ReinfLearn/gym/gym-gazebo/gym-gazebo/gym_gazebo/envs/installation/catkin_ws/build_isolated/hardware_interface/CMakeFiles/CMakeTmp/CheckSymbolExists.c
Linking C executable cmTC_5c778
/usr/bin/cmake -E cmake_link_script CMakeFiles/cmTC_5c778.dir/link.txt --verbose=1
/usr/bin/cc       CMakeFiles/cmTC_5c778.dir/CheckSymbolExists.c.o  -o cmTC_5c778 -rdynamic 
CMakeFiles/cmTC_5c778.dir/CheckSymbolExists.c.o: In function `main':
CheckSymbolExists.c:(.text+0x16): undefined reference to `pthread_create'
collect2: error: ld returned 1 exit status
CMakeFiles/cmTC_5c778.dir/build.make:97: recipe for target 'cmTC_5c778' failed
make[1]: *** [cmTC_5c778] Error 1
make[1]: Leaving directory '/home/adithya/ReinfLearn/gym/gym-gazebo/gym-gazebo/gym_gazebo/envs/installation/catkin_ws/build_isolated/hardware_interface/CMakeFiles/CMakeTmp'
Makefile:126: recipe for target 'cmTC_5c778/fast' failed
make: *** [cmTC_5c778/fast] Error 2

File /home/adithya/ReinfLearn/gym/gym-gazebo/gym-gazebo/gym_gazebo/envs/installation/catkin_ws/build_isolated/hardware_interface/CMakeFiles/CMakeTmp/CheckSymbolExists.c:
/* */
#include <pthread.h>

int main(int argc, char** argv)
{
  (void)argv;
#ifndef pthread_create
  return ((int*)(&pthread_create))[argc];
#else
  (void)argc;
  return 0;
#endif
}

Determining if the function pthread_create exists in the pthreads failed with the following output:
Change Dir: /home/adithya/ReinfLearn/gym/gym-gazebo/gym-gazebo/gym_gazebo/envs/installation/catkin_ws/build_isolated/hardware_interface/CMakeFiles/CMakeTmp

Run Build Command:"/usr/bin/make" "cmTC_c1b3e/fast"
/usr/bin/make -f CMakeFiles/cmTC_c1b3e.dir/build.make CMakeFiles/cmTC_c1b3e.dir/build
make[1]: Entering directory '/home/adithya/ReinfLearn/gym/gym-gazebo/gym-gazebo/gym_gazebo/envs/installation/catkin_ws/build_isolated/hardware_interface/CMakeFiles/CMakeTmp'
Building C object CMakeFiles/cmTC_c1b3e.dir/CheckFunctionExists.c.o
/usr/bin/cc    -DCHECK_FUNCTION_EXISTS=pthread_create   -o CMakeFiles/cmTC_c1b3e.dir/CheckFunctionExists.c.o   -c /usr/share/cmake-3.5/Modules/CheckFunctionExists.c
Linking C executable cmTC_c1b3e
/usr/bin/cmake -E cmake_link_script CMakeFiles/cmTC_c1b3e.dir/link.txt --verbose=1
/usr/bin/cc   -DCHECK_FUNCTION_EXISTS=pthread_create    CMakeFiles/cmTC_c1b3e.dir/CheckFunctionExists.c.o  -o cmTC_c1b3e -rdynamic -lpthreads 
/usr/bin/ld: cannot find -lpthreads
collect2: error: ld returned 1 exit status
CMakeFiles/cmTC_c1b3e.dir/build.make:97: recipe for target 'cmTC_c1b3e' failed
make[1]: *** [cmTC_c1b3e] Error 1
make[1]: Leaving directory '/home/adithya/ReinfLearn/gym/gym-gazebo/gym-gazebo/gym_gazebo/envs/installation/catkin_ws/build_isolated/hardware_interface/CMakeFiles/CMakeTmp'
Makefile:126: recipe for target 'cmTC_c1b3e/fast' failed
make: *** [cmTC_c1b3e/fast] Error 2


