Determining if the pthread_create exist failed with the following output:
Change Dir: /home/adithya/ReinfLearn/gym/gym-gazebo/gym-gazebo/gym_gazebo/envs/installation/catkin_ws/build_isolated/roslint/CMakeFiles/CMakeTmp

Run Build Command:"/usr/bin/make" "cmTC_45331/fast"
/usr/bin/make -f CMakeFiles/cmTC_45331.dir/build.make CMakeFiles/cmTC_45331.dir/build
make[1]: Entering directory '/home/adithya/ReinfLearn/gym/gym-gazebo/gym-gazebo/gym_gazebo/envs/installation/catkin_ws/build_isolated/roslint/CMakeFiles/CMakeTmp'
Building C object CMakeFiles/cmTC_45331.dir/CheckSymbolExists.c.o
/usr/bin/cc     -o CMakeFiles/cmTC_45331.dir/CheckSymbolExists.c.o   -c /home/adithya/ReinfLearn/gym/gym-gazebo/gym-gazebo/gym_gazebo/envs/installation/catkin_ws/build_isolated/roslint/CMakeFiles/CMakeTmp/CheckSymbolExists.c
Linking C executable cmTC_45331
/usr/bin/cmake -E cmake_link_script CMakeFiles/cmTC_45331.dir/link.txt --verbose=1
/usr/bin/cc       CMakeFiles/cmTC_45331.dir/CheckSymbolExists.c.o  -o cmTC_45331 -rdynamic 
CMakeFiles/cmTC_45331.dir/CheckSymbolExists.c.o: In function `main':
CheckSymbolExists.c:(.text+0x16): undefined reference to `pthread_create'
collect2: error: ld returned 1 exit status
CMakeFiles/cmTC_45331.dir/build.make:97: recipe for target 'cmTC_45331' failed
make[1]: *** [cmTC_45331] Error 1
make[1]: Leaving directory '/home/adithya/ReinfLearn/gym/gym-gazebo/gym-gazebo/gym_gazebo/envs/installation/catkin_ws/build_isolated/roslint/CMakeFiles/CMakeTmp'
Makefile:126: recipe for target 'cmTC_45331/fast' failed
make: *** [cmTC_45331/fast] Error 2

File /home/adithya/ReinfLearn/gym/gym-gazebo/gym-gazebo/gym_gazebo/envs/installation/catkin_ws/build_isolated/roslint/CMakeFiles/CMakeTmp/CheckSymbolExists.c:
/* */
#include <pthread.h>

int main(int argc, char** argv)
{
  (void)argv;
#ifndef pthread_create
  return ((int*)(&pthread_create))[argc];
#else
  (void)argc;
  return 0;
#endif
}

Determining if the function pthread_create exists in the pthreads failed with the following output:
Change Dir: /home/adithya/ReinfLearn/gym/gym-gazebo/gym-gazebo/gym_gazebo/envs/installation/catkin_ws/build_isolated/roslint/CMakeFiles/CMakeTmp

Run Build Command:"/usr/bin/make" "cmTC_0e496/fast"
/usr/bin/make -f CMakeFiles/cmTC_0e496.dir/build.make CMakeFiles/cmTC_0e496.dir/build
make[1]: Entering directory '/home/adithya/ReinfLearn/gym/gym-gazebo/gym-gazebo/gym_gazebo/envs/installation/catkin_ws/build_isolated/roslint/CMakeFiles/CMakeTmp'
Building C object CMakeFiles/cmTC_0e496.dir/CheckFunctionExists.c.o
/usr/bin/cc    -DCHECK_FUNCTION_EXISTS=pthread_create   -o CMakeFiles/cmTC_0e496.dir/CheckFunctionExists.c.o   -c /usr/share/cmake-3.5/Modules/CheckFunctionExists.c
Linking C executable cmTC_0e496
/usr/bin/cmake -E cmake_link_script CMakeFiles/cmTC_0e496.dir/link.txt --verbose=1
/usr/bin/cc   -DCHECK_FUNCTION_EXISTS=pthread_create    CMakeFiles/cmTC_0e496.dir/CheckFunctionExists.c.o  -o cmTC_0e496 -rdynamic -lpthreads 
/usr/bin/ld: cannot find -lpthreads
collect2: error: ld returned 1 exit status
CMakeFiles/cmTC_0e496.dir/build.make:97: recipe for target 'cmTC_0e496' failed
make[1]: *** [cmTC_0e496] Error 1
make[1]: Leaving directory '/home/adithya/ReinfLearn/gym/gym-gazebo/gym-gazebo/gym_gazebo/envs/installation/catkin_ws/build_isolated/roslint/CMakeFiles/CMakeTmp'
Makefile:126: recipe for target 'cmTC_0e496/fast' failed
make: *** [cmTC_0e496/fast] Error 2


