Determining if the pthread_create exist failed with the following output:
Change Dir: /home/adithya/ReinfLearn/gym/gym-gazebo/gym-gazebo/gym_gazebo/envs/installation/catkin_ws/build_isolated/SetPoseforObjects/CMakeFiles/CMakeTmp

Run Build Command:"/usr/bin/make" "cmTC_ddedb/fast"
/usr/bin/make -f CMakeFiles/cmTC_ddedb.dir/build.make CMakeFiles/cmTC_ddedb.dir/build
make[1]: Entering directory '/home/adithya/ReinfLearn/gym/gym-gazebo/gym-gazebo/gym_gazebo/envs/installation/catkin_ws/build_isolated/SetPoseforObjects/CMakeFiles/CMakeTmp'
Building C object CMakeFiles/cmTC_ddedb.dir/CheckSymbolExists.c.o
/usr/bin/cc    -o CMakeFiles/cmTC_ddedb.dir/CheckSymbolExists.c.o   -c /home/adithya/ReinfLearn/gym/gym-gazebo/gym-gazebo/gym_gazebo/envs/installation/catkin_ws/build_isolated/SetPoseforObjects/CMakeFiles/CMakeTmp/CheckSymbolExists.c
Linking C executable cmTC_ddedb
/usr/local/bin/cmake -E cmake_link_script CMakeFiles/cmTC_ddedb.dir/link.txt --verbose=1
/usr/bin/cc      -rdynamic CMakeFiles/cmTC_ddedb.dir/CheckSymbolExists.c.o  -o cmTC_ddedb 
CMakeFiles/cmTC_ddedb.dir/CheckSymbolExists.c.o: In function `main':
CheckSymbolExists.c:(.text+0x16): undefined reference to `pthread_create'
collect2: error: ld returned 1 exit status
CMakeFiles/cmTC_ddedb.dir/build.make:86: recipe for target 'cmTC_ddedb' failed
make[1]: *** [cmTC_ddedb] Error 1
make[1]: Leaving directory '/home/adithya/ReinfLearn/gym/gym-gazebo/gym-gazebo/gym_gazebo/envs/installation/catkin_ws/build_isolated/SetPoseforObjects/CMakeFiles/CMakeTmp'
Makefile:121: recipe for target 'cmTC_ddedb/fast' failed
make: *** [cmTC_ddedb/fast] Error 2

File /home/adithya/ReinfLearn/gym/gym-gazebo/gym-gazebo/gym_gazebo/envs/installation/catkin_ws/build_isolated/SetPoseforObjects/CMakeFiles/CMakeTmp/CheckSymbolExists.c:
/* */
#include <pthread.h>

int main(int argc, char** argv)
{
  (void)argv;
#ifndef pthread_create
  return ((int*)(&pthread_create))[argc];
#else
  (void)argc;
  return 0;
#endif
}

Determining if the function pthread_create exists in the pthreads failed with the following output:
Change Dir: /home/adithya/ReinfLearn/gym/gym-gazebo/gym-gazebo/gym_gazebo/envs/installation/catkin_ws/build_isolated/SetPoseforObjects/CMakeFiles/CMakeTmp

Run Build Command:"/usr/bin/make" "cmTC_b9d44/fast"
/usr/bin/make -f CMakeFiles/cmTC_b9d44.dir/build.make CMakeFiles/cmTC_b9d44.dir/build
make[1]: Entering directory '/home/adithya/ReinfLearn/gym/gym-gazebo/gym-gazebo/gym_gazebo/envs/installation/catkin_ws/build_isolated/SetPoseforObjects/CMakeFiles/CMakeTmp'
Building C object CMakeFiles/cmTC_b9d44.dir/CheckFunctionExists.c.o
/usr/bin/cc   -DCHECK_FUNCTION_EXISTS=pthread_create   -o CMakeFiles/cmTC_b9d44.dir/CheckFunctionExists.c.o   -c /usr/local/share/cmake-3.12/Modules/CheckFunctionExists.c
Linking C executable cmTC_b9d44
/usr/local/bin/cmake -E cmake_link_script CMakeFiles/cmTC_b9d44.dir/link.txt --verbose=1
/usr/bin/cc  -DCHECK_FUNCTION_EXISTS=pthread_create    -rdynamic CMakeFiles/cmTC_b9d44.dir/CheckFunctionExists.c.o  -o cmTC_b9d44 -lpthreads 
/usr/bin/ld: cannot find -lpthreads
collect2: error: ld returned 1 exit status
CMakeFiles/cmTC_b9d44.dir/build.make:86: recipe for target 'cmTC_b9d44' failed
make[1]: *** [cmTC_b9d44] Error 1
make[1]: Leaving directory '/home/adithya/ReinfLearn/gym/gym-gazebo/gym-gazebo/gym_gazebo/envs/installation/catkin_ws/build_isolated/SetPoseforObjects/CMakeFiles/CMakeTmp'
Makefile:121: recipe for target 'cmTC_b9d44/fast' failed
make: *** [cmTC_b9d44/fast] Error 2


