Determining if the pthread_create exist failed with the following output:
Change Dir: /home/adithya/ReinfLearn/gym/gym-gazebo/gym-gazebo/gym_gazebo/envs/installation/catkin_ws/build_isolated/yujin_ocs/CMakeFiles/CMakeTmp

Run Build Command:"/usr/bin/make" "cmTC_7474d/fast"
/usr/bin/make -f CMakeFiles/cmTC_7474d.dir/build.make CMakeFiles/cmTC_7474d.dir/build
make[1]: Entering directory '/home/adithya/ReinfLearn/gym/gym-gazebo/gym-gazebo/gym_gazebo/envs/installation/catkin_ws/build_isolated/yujin_ocs/CMakeFiles/CMakeTmp'
Building C object CMakeFiles/cmTC_7474d.dir/CheckSymbolExists.c.o
/usr/bin/cc     -o CMakeFiles/cmTC_7474d.dir/CheckSymbolExists.c.o   -c /home/adithya/ReinfLearn/gym/gym-gazebo/gym-gazebo/gym_gazebo/envs/installation/catkin_ws/build_isolated/yujin_ocs/CMakeFiles/CMakeTmp/CheckSymbolExists.c
Linking C executable cmTC_7474d
/usr/bin/cmake -E cmake_link_script CMakeFiles/cmTC_7474d.dir/link.txt --verbose=1
/usr/bin/cc       CMakeFiles/cmTC_7474d.dir/CheckSymbolExists.c.o  -o cmTC_7474d -rdynamic 
CMakeFiles/cmTC_7474d.dir/CheckSymbolExists.c.o: In function `main':
CheckSymbolExists.c:(.text+0x16): undefined reference to `pthread_create'
collect2: error: ld returned 1 exit status
CMakeFiles/cmTC_7474d.dir/build.make:97: recipe for target 'cmTC_7474d' failed
make[1]: *** [cmTC_7474d] Error 1
make[1]: Leaving directory '/home/adithya/ReinfLearn/gym/gym-gazebo/gym-gazebo/gym_gazebo/envs/installation/catkin_ws/build_isolated/yujin_ocs/CMakeFiles/CMakeTmp'
Makefile:126: recipe for target 'cmTC_7474d/fast' failed
make: *** [cmTC_7474d/fast] Error 2

File /home/adithya/ReinfLearn/gym/gym-gazebo/gym-gazebo/gym_gazebo/envs/installation/catkin_ws/build_isolated/yujin_ocs/CMakeFiles/CMakeTmp/CheckSymbolExists.c:
/* */
#include <pthread.h>

int main(int argc, char** argv)
{
  (void)argv;
#ifndef pthread_create
  return ((int*)(&pthread_create))[argc];
#else
  (void)argc;
  return 0;
#endif
}

Determining if the function pthread_create exists in the pthreads failed with the following output:
Change Dir: /home/adithya/ReinfLearn/gym/gym-gazebo/gym-gazebo/gym_gazebo/envs/installation/catkin_ws/build_isolated/yujin_ocs/CMakeFiles/CMakeTmp

Run Build Command:"/usr/bin/make" "cmTC_17949/fast"
/usr/bin/make -f CMakeFiles/cmTC_17949.dir/build.make CMakeFiles/cmTC_17949.dir/build
make[1]: Entering directory '/home/adithya/ReinfLearn/gym/gym-gazebo/gym-gazebo/gym_gazebo/envs/installation/catkin_ws/build_isolated/yujin_ocs/CMakeFiles/CMakeTmp'
Building C object CMakeFiles/cmTC_17949.dir/CheckFunctionExists.c.o
/usr/bin/cc    -DCHECK_FUNCTION_EXISTS=pthread_create   -o CMakeFiles/cmTC_17949.dir/CheckFunctionExists.c.o   -c /usr/share/cmake-3.5/Modules/CheckFunctionExists.c
Linking C executable cmTC_17949
/usr/bin/cmake -E cmake_link_script CMakeFiles/cmTC_17949.dir/link.txt --verbose=1
/usr/bin/cc   -DCHECK_FUNCTION_EXISTS=pthread_create    CMakeFiles/cmTC_17949.dir/CheckFunctionExists.c.o  -o cmTC_17949 -rdynamic -lpthreads 
/usr/bin/ld: cannot find -lpthreads
collect2: error: ld returned 1 exit status
CMakeFiles/cmTC_17949.dir/build.make:97: recipe for target 'cmTC_17949' failed
make[1]: *** [cmTC_17949] Error 1
make[1]: Leaving directory '/home/adithya/ReinfLearn/gym/gym-gazebo/gym-gazebo/gym_gazebo/envs/installation/catkin_ws/build_isolated/yujin_ocs/CMakeFiles/CMakeTmp'
Makefile:126: recipe for target 'cmTC_17949/fast' failed
make: *** [cmTC_17949/fast] Error 2


