Determining if the pthread_create exist failed with the following output:
Change Dir: /home/adithya/ReinfLearn/gym/gym-gazebo/gym-gazebo/gym_gazebo/envs/installation/catkin_ws/build_isolated/navfn/CMakeFiles/CMakeTmp

Run Build Command:"/usr/bin/make" "cmTC_85ebb/fast"
/usr/bin/make -f CMakeFiles/cmTC_85ebb.dir/build.make CMakeFiles/cmTC_85ebb.dir/build
make[1]: Entering directory '/home/adithya/ReinfLearn/gym/gym-gazebo/gym-gazebo/gym_gazebo/envs/installation/catkin_ws/build_isolated/navfn/CMakeFiles/CMakeTmp'
Building C object CMakeFiles/cmTC_85ebb.dir/CheckSymbolExists.c.o
/usr/bin/cc     -o CMakeFiles/cmTC_85ebb.dir/CheckSymbolExists.c.o   -c /home/adithya/ReinfLearn/gym/gym-gazebo/gym-gazebo/gym_gazebo/envs/installation/catkin_ws/build_isolated/navfn/CMakeFiles/CMakeTmp/CheckSymbolExists.c
Linking C executable cmTC_85ebb
/usr/bin/cmake -E cmake_link_script CMakeFiles/cmTC_85ebb.dir/link.txt --verbose=1
/usr/bin/cc       CMakeFiles/cmTC_85ebb.dir/CheckSymbolExists.c.o  -o cmTC_85ebb -rdynamic 
CMakeFiles/cmTC_85ebb.dir/CheckSymbolExists.c.o: In function `main':
CheckSymbolExists.c:(.text+0x16): undefined reference to `pthread_create'
collect2: error: ld returned 1 exit status
CMakeFiles/cmTC_85ebb.dir/build.make:97: recipe for target 'cmTC_85ebb' failed
make[1]: *** [cmTC_85ebb] Error 1
make[1]: Leaving directory '/home/adithya/ReinfLearn/gym/gym-gazebo/gym-gazebo/gym_gazebo/envs/installation/catkin_ws/build_isolated/navfn/CMakeFiles/CMakeTmp'
Makefile:126: recipe for target 'cmTC_85ebb/fast' failed
make: *** [cmTC_85ebb/fast] Error 2

File /home/adithya/ReinfLearn/gym/gym-gazebo/gym-gazebo/gym_gazebo/envs/installation/catkin_ws/build_isolated/navfn/CMakeFiles/CMakeTmp/CheckSymbolExists.c:
/* */
#include <pthread.h>

int main(int argc, char** argv)
{
  (void)argv;
#ifndef pthread_create
  return ((int*)(&pthread_create))[argc];
#else
  (void)argc;
  return 0;
#endif
}

Determining if the function pthread_create exists in the pthreads failed with the following output:
Change Dir: /home/adithya/ReinfLearn/gym/gym-gazebo/gym-gazebo/gym_gazebo/envs/installation/catkin_ws/build_isolated/navfn/CMakeFiles/CMakeTmp

Run Build Command:"/usr/bin/make" "cmTC_849fa/fast"
/usr/bin/make -f CMakeFiles/cmTC_849fa.dir/build.make CMakeFiles/cmTC_849fa.dir/build
make[1]: Entering directory '/home/adithya/ReinfLearn/gym/gym-gazebo/gym-gazebo/gym_gazebo/envs/installation/catkin_ws/build_isolated/navfn/CMakeFiles/CMakeTmp'
Building C object CMakeFiles/cmTC_849fa.dir/CheckFunctionExists.c.o
/usr/bin/cc    -DCHECK_FUNCTION_EXISTS=pthread_create   -o CMakeFiles/cmTC_849fa.dir/CheckFunctionExists.c.o   -c /usr/share/cmake-3.5/Modules/CheckFunctionExists.c
Linking C executable cmTC_849fa
/usr/bin/cmake -E cmake_link_script CMakeFiles/cmTC_849fa.dir/link.txt --verbose=1
/usr/bin/cc   -DCHECK_FUNCTION_EXISTS=pthread_create    CMakeFiles/cmTC_849fa.dir/CheckFunctionExists.c.o  -o cmTC_849fa -rdynamic -lpthreads 
/usr/bin/ld: cannot find -lpthreads
collect2: error: ld returned 1 exit status
CMakeFiles/cmTC_849fa.dir/build.make:97: recipe for target 'cmTC_849fa' failed
make[1]: *** [cmTC_849fa] Error 1
make[1]: Leaving directory '/home/adithya/ReinfLearn/gym/gym-gazebo/gym-gazebo/gym_gazebo/envs/installation/catkin_ws/build_isolated/navfn/CMakeFiles/CMakeTmp'
Makefile:126: recipe for target 'cmTC_849fa/fast' failed
make: *** [cmTC_849fa/fast] Error 2


Determining if the include file pgm.h exists failed with the following output:
Change Dir: /home/adithya/ReinfLearn/gym/gym-gazebo/gym-gazebo/gym_gazebo/envs/installation/catkin_ws/build_isolated/navfn/CMakeFiles/CMakeTmp

Run Build Command:"/usr/bin/make" "cmTC_9df36/fast"
/usr/bin/make -f CMakeFiles/cmTC_9df36.dir/build.make CMakeFiles/cmTC_9df36.dir/build
make[1]: Entering directory '/home/adithya/ReinfLearn/gym/gym-gazebo/gym-gazebo/gym_gazebo/envs/installation/catkin_ws/build_isolated/navfn/CMakeFiles/CMakeTmp'
Building CXX object CMakeFiles/cmTC_9df36.dir/CheckIncludeFile.cxx.o
/usr/bin/c++      -o CMakeFiles/cmTC_9df36.dir/CheckIncludeFile.cxx.o -c /home/adithya/ReinfLearn/gym/gym-gazebo/gym-gazebo/gym_gazebo/envs/installation/catkin_ws/build_isolated/navfn/CMakeFiles/CMakeTmp/CheckIncludeFile.cxx
/home/adithya/ReinfLearn/gym/gym-gazebo/gym-gazebo/gym_gazebo/envs/installation/catkin_ws/build_isolated/navfn/CMakeFiles/CMakeTmp/CheckIncludeFile.cxx:1:17: fatal error: pgm.h: No such file or directory
compilation terminated.
CMakeFiles/cmTC_9df36.dir/build.make:65: recipe for target 'CMakeFiles/cmTC_9df36.dir/CheckIncludeFile.cxx.o' failed
make[1]: *** [CMakeFiles/cmTC_9df36.dir/CheckIncludeFile.cxx.o] Error 1
make[1]: Leaving directory '/home/adithya/ReinfLearn/gym/gym-gazebo/gym-gazebo/gym_gazebo/envs/installation/catkin_ws/build_isolated/navfn/CMakeFiles/CMakeTmp'
Makefile:126: recipe for target 'cmTC_9df36/fast' failed
make: *** [cmTC_9df36/fast] Error 2


