Determining if the pthread_create exist failed with the following output:
Change Dir: /home/adithya/ReinfLearn/gym/gym-gazebo/gym-gazebo/gym_gazebo/envs/installation/catkin_ws/build_isolated/mybot_sonar/CMakeFiles/CMakeTmp

Run Build Command:"/usr/bin/make" "cmTC_f625f/fast"
/usr/bin/make -f CMakeFiles/cmTC_f625f.dir/build.make CMakeFiles/cmTC_f625f.dir/build
make[1]: Entering directory '/home/adithya/ReinfLearn/gym/gym-gazebo/gym-gazebo/gym_gazebo/envs/installation/catkin_ws/build_isolated/mybot_sonar/CMakeFiles/CMakeTmp'
Building C object CMakeFiles/cmTC_f625f.dir/CheckSymbolExists.c.o
/usr/bin/cc    -o CMakeFiles/cmTC_f625f.dir/CheckSymbolExists.c.o   -c /home/adithya/ReinfLearn/gym/gym-gazebo/gym-gazebo/gym_gazebo/envs/installation/catkin_ws/build_isolated/mybot_sonar/CMakeFiles/CMakeTmp/CheckSymbolExists.c
Linking C executable cmTC_f625f
/usr/local/bin/cmake -E cmake_link_script CMakeFiles/cmTC_f625f.dir/link.txt --verbose=1
/usr/bin/cc      -rdynamic CMakeFiles/cmTC_f625f.dir/CheckSymbolExists.c.o  -o cmTC_f625f 
CMakeFiles/cmTC_f625f.dir/CheckSymbolExists.c.o: In function `main':
CheckSymbolExists.c:(.text+0x16): undefined reference to `pthread_create'
collect2: error: ld returned 1 exit status
CMakeFiles/cmTC_f625f.dir/build.make:86: recipe for target 'cmTC_f625f' failed
make[1]: *** [cmTC_f625f] Error 1
make[1]: Leaving directory '/home/adithya/ReinfLearn/gym/gym-gazebo/gym-gazebo/gym_gazebo/envs/installation/catkin_ws/build_isolated/mybot_sonar/CMakeFiles/CMakeTmp'
Makefile:121: recipe for target 'cmTC_f625f/fast' failed
make: *** [cmTC_f625f/fast] Error 2

File /home/adithya/ReinfLearn/gym/gym-gazebo/gym-gazebo/gym_gazebo/envs/installation/catkin_ws/build_isolated/mybot_sonar/CMakeFiles/CMakeTmp/CheckSymbolExists.c:
/* */
#include <pthread.h>

int main(int argc, char** argv)
{
  (void)argv;
#ifndef pthread_create
  return ((int*)(&pthread_create))[argc];
#else
  (void)argc;
  return 0;
#endif
}

Determining if the function pthread_create exists in the pthreads failed with the following output:
Change Dir: /home/adithya/ReinfLearn/gym/gym-gazebo/gym-gazebo/gym_gazebo/envs/installation/catkin_ws/build_isolated/mybot_sonar/CMakeFiles/CMakeTmp

Run Build Command:"/usr/bin/make" "cmTC_1ed72/fast"
/usr/bin/make -f CMakeFiles/cmTC_1ed72.dir/build.make CMakeFiles/cmTC_1ed72.dir/build
make[1]: Entering directory '/home/adithya/ReinfLearn/gym/gym-gazebo/gym-gazebo/gym_gazebo/envs/installation/catkin_ws/build_isolated/mybot_sonar/CMakeFiles/CMakeTmp'
Building C object CMakeFiles/cmTC_1ed72.dir/CheckFunctionExists.c.o
/usr/bin/cc   -DCHECK_FUNCTION_EXISTS=pthread_create   -o CMakeFiles/cmTC_1ed72.dir/CheckFunctionExists.c.o   -c /usr/local/share/cmake-3.12/Modules/CheckFunctionExists.c
Linking C executable cmTC_1ed72
/usr/local/bin/cmake -E cmake_link_script CMakeFiles/cmTC_1ed72.dir/link.txt --verbose=1
/usr/bin/cc  -DCHECK_FUNCTION_EXISTS=pthread_create    -rdynamic CMakeFiles/cmTC_1ed72.dir/CheckFunctionExists.c.o  -o cmTC_1ed72 -lpthreads 
/usr/bin/ld: cannot find -lpthreads
collect2: error: ld returned 1 exit status
CMakeFiles/cmTC_1ed72.dir/build.make:86: recipe for target 'cmTC_1ed72' failed
make[1]: *** [cmTC_1ed72] Error 1
make[1]: Leaving directory '/home/adithya/ReinfLearn/gym/gym-gazebo/gym-gazebo/gym_gazebo/envs/installation/catkin_ws/build_isolated/mybot_sonar/CMakeFiles/CMakeTmp'
Makefile:121: recipe for target 'cmTC_1ed72/fast' failed
make: *** [cmTC_1ed72/fast] Error 2


