Determining if the pthread_create exist failed with the following output:
Change Dir: /home/adithya/ReinfLearn/gym/gym-gazebo/gym-gazebo/gym_gazebo/envs/installation/catkin_ws/build_isolated/turtlebot_teleop/CMakeFiles/CMakeTmp

Run Build Command:"/usr/bin/make" "cmTC_f9060/fast"
/usr/bin/make -f CMakeFiles/cmTC_f9060.dir/build.make CMakeFiles/cmTC_f9060.dir/build
make[1]: Entering directory '/home/adithya/ReinfLearn/gym/gym-gazebo/gym-gazebo/gym_gazebo/envs/installation/catkin_ws/build_isolated/turtlebot_teleop/CMakeFiles/CMakeTmp'
Building C object CMakeFiles/cmTC_f9060.dir/CheckSymbolExists.c.o
/usr/bin/cc     -o CMakeFiles/cmTC_f9060.dir/CheckSymbolExists.c.o   -c /home/adithya/ReinfLearn/gym/gym-gazebo/gym-gazebo/gym_gazebo/envs/installation/catkin_ws/build_isolated/turtlebot_teleop/CMakeFiles/CMakeTmp/CheckSymbolExists.c
Linking C executable cmTC_f9060
/usr/bin/cmake -E cmake_link_script CMakeFiles/cmTC_f9060.dir/link.txt --verbose=1
/usr/bin/cc       CMakeFiles/cmTC_f9060.dir/CheckSymbolExists.c.o  -o cmTC_f9060 -rdynamic 
CMakeFiles/cmTC_f9060.dir/CheckSymbolExists.c.o: In function `main':
CheckSymbolExists.c:(.text+0x16): undefined reference to `pthread_create'
collect2: error: ld returned 1 exit status
CMakeFiles/cmTC_f9060.dir/build.make:97: recipe for target 'cmTC_f9060' failed
make[1]: *** [cmTC_f9060] Error 1
make[1]: Leaving directory '/home/adithya/ReinfLearn/gym/gym-gazebo/gym-gazebo/gym_gazebo/envs/installation/catkin_ws/build_isolated/turtlebot_teleop/CMakeFiles/CMakeTmp'
Makefile:126: recipe for target 'cmTC_f9060/fast' failed
make: *** [cmTC_f9060/fast] Error 2

File /home/adithya/ReinfLearn/gym/gym-gazebo/gym-gazebo/gym_gazebo/envs/installation/catkin_ws/build_isolated/turtlebot_teleop/CMakeFiles/CMakeTmp/CheckSymbolExists.c:
/* */
#include <pthread.h>

int main(int argc, char** argv)
{
  (void)argv;
#ifndef pthread_create
  return ((int*)(&pthread_create))[argc];
#else
  (void)argc;
  return 0;
#endif
}

Determining if the function pthread_create exists in the pthreads failed with the following output:
Change Dir: /home/adithya/ReinfLearn/gym/gym-gazebo/gym-gazebo/gym_gazebo/envs/installation/catkin_ws/build_isolated/turtlebot_teleop/CMakeFiles/CMakeTmp

Run Build Command:"/usr/bin/make" "cmTC_65356/fast"
/usr/bin/make -f CMakeFiles/cmTC_65356.dir/build.make CMakeFiles/cmTC_65356.dir/build
make[1]: Entering directory '/home/adithya/ReinfLearn/gym/gym-gazebo/gym-gazebo/gym_gazebo/envs/installation/catkin_ws/build_isolated/turtlebot_teleop/CMakeFiles/CMakeTmp'
Building C object CMakeFiles/cmTC_65356.dir/CheckFunctionExists.c.o
/usr/bin/cc    -DCHECK_FUNCTION_EXISTS=pthread_create   -o CMakeFiles/cmTC_65356.dir/CheckFunctionExists.c.o   -c /usr/share/cmake-3.5/Modules/CheckFunctionExists.c
Linking C executable cmTC_65356
/usr/bin/cmake -E cmake_link_script CMakeFiles/cmTC_65356.dir/link.txt --verbose=1
/usr/bin/cc   -DCHECK_FUNCTION_EXISTS=pthread_create    CMakeFiles/cmTC_65356.dir/CheckFunctionExists.c.o  -o cmTC_65356 -rdynamic -lpthreads 
/usr/bin/ld: cannot find -lpthreads
collect2: error: ld returned 1 exit status
CMakeFiles/cmTC_65356.dir/build.make:97: recipe for target 'cmTC_65356' failed
make[1]: *** [cmTC_65356] Error 1
make[1]: Leaving directory '/home/adithya/ReinfLearn/gym/gym-gazebo/gym-gazebo/gym_gazebo/envs/installation/catkin_ws/build_isolated/turtlebot_teleop/CMakeFiles/CMakeTmp'
Makefile:126: recipe for target 'cmTC_65356/fast' failed
make: *** [cmTC_65356/fast] Error 2


